[6/12/2025 12:33:53 PM] [ERROR] mysql_connect_file: handle error: syntax error in connection file (line: "password   = ")
[6/12/2025 12:34:09 PM] [ERROR] mysql_connect_file: handle error: syntax error in connection file (line: "password   = ")
[6/12/2025 12:35:46 PM] [ERROR] mysql_connect_file: handle error: syntax error in connection file (line: "password   = ")
[6/12/2025 12:35:46 PM] [ERROR] mysql_errno: invalid connection handle '1'
[6/12/2025 12:36:23 PM] [WARNING] mysql_connect_file: no password specified
[6/12/2025 12:36:23 PM] [ERROR] CConnection::CConnection - establishing connection to MySQL database failed: #1049 'Unknown database 'vnbase''
[6/12/2025 12:36:23 PM] [ERROR] CConnection::CConnection - establishing connection to MySQL database failed: #1049 'Unknown database 'vnbase''
[6/12/2025 12:36:23 PM] [ERROR] CConnection::CConnection - establishing connection to MySQL database failed: #1049 'Unknown database 'vnbase''
[6/12/2025 12:36:23 PM] [ERROR] CConnection::CConnection - establishing connection to MySQL database failed: #1049 'Unknown database 'vnbase''
[6/12/2025 12:36:23 PM] [ERROR] CConnection::CConnection - establishing connection to MySQL database failed: #1049 'Unknown database 'vnbase''
[6/12/2025 12:40:17 PM] [WARNING] mysql_connect: no password specified
[6/12/2025 12:40:17 PM] [ERROR] mysql_connect: handle error: no database specified
[6/12/2025 12:40:17 PM] [ERROR] mysql_query: invalid connection handle '0'
[6/12/2025 12:40:17 PM] [ERROR] mysql_close: invalid connection handle '0'
[6/12/2025 12:40:17 PM] [WARNING] mysql_connect_file: no password specified
[6/12/2025 12:40:17 PM] [ERROR] CConnection::CConnection - establishing connection to MySQL database failed: #1049 'Unknown database 'vnbase''
[6/12/2025 12:40:17 PM] [ERROR] CConnection::CConnection - establishing connection to MySQL database failed: #1049 'Unknown database 'vnbase''
[6/12/2025 12:40:17 PM] [ERROR] CConnection::CConnection - establishing connection to MySQL database failed: #1049 'Unknown database 'vnbase''
[6/12/2025 12:40:17 PM] [ERROR] CConnection::CConnection - establishing connection to MySQL database failed: #1049 'Unknown database 'vnbase''
[6/12/2025 12:40:17 PM] [ERROR] CConnection::CConnection - establishing connection to MySQL database failed: #1049 'Unknown database 'vnbase''
[6/12/2025 12:41:28 PM] [WARNING] mysql_connect: no password specified
[6/12/2025 12:41:28 PM] [ERROR] mysql_connect: handle error: no database specified
[6/12/2025 12:41:28 PM] [ERROR] mysql_query: invalid connection handle '0'
[6/12/2025 12:41:28 PM] [ERROR] mysql_close: invalid connection handle '0'
[6/12/2025 12:41:28 PM] [WARNING] mysql_connect_file: no password specified
[6/12/2025 12:41:28 PM] [ERROR] CConnection::CConnection - establishing connection to MySQL database failed: #1049 'Unknown database 'vnbase''
[6/12/2025 12:41:28 PM] [ERROR] CConnection::CConnection - establishing connection to MySQL database failed: #1049 'Unknown database 'vnbase''
[6/12/2025 12:41:28 PM] [ERROR] CConnection::CConnection - establishing connection to MySQL database failed: #1049 'Unknown database 'vnbase''
[6/12/2025 12:41:28 PM] [ERROR] CConnection::CConnection - establishing connection to MySQL database failed: #1049 'Unknown database 'vnbase''
[6/12/2025 12:41:28 PM] [ERROR] CConnection::CConnection - establishing connection to MySQL database failed: #1049 'Unknown database 'vnbase''
[6/12/2025 12:42:55 PM] [WARNING] mysql_connect: no password specified
[6/12/2025 12:42:55 PM] [ERROR] mysql_connect: handle error: no database specified
[6/12/2025 12:42:55 PM] [ERROR] mysql_query: invalid connection handle '0'
[6/12/2025 12:42:55 PM] [ERROR] mysql_close: invalid connection handle '0'
[6/12/2025 12:42:55 PM] [WARNING] mysql_connect_file: no password specified
[6/12/2025 12:45:07 PM] [WARNING] mysql_connect_file: no password specified
[6/12/2025 12:45:51 PM] [WARNING] mysql_connect_file: no password specified
[6/12/2025 12:46:23 PM] [WARNING] mysql_connect_file: no password specified
[6/12/2025 12:47:12 PM] [WARNING] mysql_connect_file: no password specified
[6/12/2025 12:58:20 PM] [WARNING] mysql_connect_file: no password specified
[6/12/2025 1:02:08 PM] [WARNING] mysql_connect_file: no password specified
[6/12/2025 1:07:42 PM] [WARNING] mysql_connect_file: no password specified
[6/12/2025 1:08:26 PM] [WARNING] mysql_connect_file: no password specified
[6/12/2025 1:08:41 PM] [ERROR] error #1054 while executing query "INSERT INTO `players` (`username`, `password`) VALUES ('Phuc_diamond', 'test')": Unknown column 'password' in 'INSERT INTO'
[6/12/2025 1:10:10 PM] [WARNING] mysql_connect_file: no password specified
[6/12/2025 1:20:25 PM] [WARNING] mysql_connect_file: no password specified
[6/12/2025 1:20:56 PM] [WARNING] mysql_connect_file: no password specified
[6/12/2025 1:31:44 PM] [WARNING] mysql_connect_file: no password specified
[6/12/2025 1:37:09 PM] [WARNING] mysql_connect_file: no password specified
[6/12/2025 1:39:17 PM] [ERROR] error #1054 while executing query "UPDATE `players` SET `username` = Phuc_diamond WHERE `id` = 1": Unknown column 'Phuc_diamond' in 'SELECT'
[6/12/2025 1:39:17 PM] [ERROR] error #1054 while executing query "UPDATE `players` SET `password` = test WHERE `id` = 1": Unknown column 'test' in 'SELECT'
